<?xml version="1.0" encoding="UTF-8"?>
<!-- Generated by org.testng.reporters.JUnitXMLReporter -->
<testsuite ignored="0" hostname="QQSPLEKLTP0198" failures="0" tests="4" name="Default test" time="0.077" errors="0" timestamp="2024-09-20T22:17:01 IST">
  <testcase classname="com.practiceSelenium.GroupingTestNg" name="chicken" time="0.007"/>
  <testcase classname="com.practiceSelenium.GroupingTestNg" name="idly" time="0.001"/>
  <testcase classname="com.practiceSelenium.GroupingTestNg" name="mutton" time="0.001"/>
  <testcase classname="com.practiceSelenium.GroupingTestNg" name="rice" time="0.001"/>
</testsuite> <!-- Default test -->
