<?xml version="1.0" encoding="UTF-8"?>
<!-- Generated by org.testng.reporters.JUnitXMLReporter -->
<testsuite ignored="0" hostname="QQSPLEKLTP0198" failures="0" tests="4" name="Test" time="0.069" errors="0" timestamp="2024-09-20T22:44:04 IST">
  <testcase classname="com.practiceSelenium.GroupingTestNg" name="chicken" time="0.009"/>
  <testcase classname="com.practiceSelenium.GroupingTestNg" name="idly" time="0.003"/>
  <testcase classname="com.practiceSelenium.GroupingTestNg" name="mutton" time="0.001"/>
  <testcase classname="com.practiceSelenium.GroupingTestNg" name="rice" time="0.001"/>
</testsuite> <!-- Test -->
