<?xml version="1.0" encoding="UTF-8"?>
<testng-results ignored="0" total="4" passed="4" failed="0" skipped="0">
  <reporter-output>
  </reporter-output>
  <suite started-at="2024-09-20T22:44:04 IST" name="Suite" finished-at="2024-09-20T22:44:04 IST" duration-ms="69">
    <groups>
      <group name="NONVEG">
        <method signature="GroupingTestNg.chicken()[pri:0, instance:com.practiceSelenium.GroupingTestNg@3e27ba32]" name="chicken" class="com.practiceSelenium.GroupingTestNg"/>
        <method signature="GroupingTestNg.mutton()[pri:0, instance:com.practiceSelenium.GroupingTestNg@3e27ba32]" name="mutton" class="com.practiceSelenium.GroupingTestNg"/>
      </group> <!-- NONVEG -->
      <group name="Veg">
        <method signature="GroupingTestNg.idly()[pri:0, instance:com.practiceSelenium.GroupingTestNg@3e27ba32]" name="idly" class="com.practiceSelenium.GroupingTestNg"/>
        <method signature="GroupingTestNg.rice()[pri:0, instance:com.practiceSelenium.GroupingTestNg@3e27ba32]" name="rice" class="com.practiceSelenium.GroupingTestNg"/>
      </group> <!-- Veg -->
    </groups>
    <test started-at="2024-09-20T22:44:04 IST" name="Test" finished-at="2024-09-20T22:44:04 IST" duration-ms="69">
      <class name="com.practiceSelenium.GroupingTestNg">
        <test-method signature="chicken()[pri:0, instance:com.practiceSelenium.GroupingTestNg@3e27ba32]" started-at="2024-09-20T22:44:04 IST" name="chicken" finished-at="2024-09-20T22:44:04 IST" duration-ms="9" status="PASS">
          <reporter-output>
          </reporter-output>
        </test-method> <!-- chicken -->
        <test-method signature="idly()[pri:0, instance:com.practiceSelenium.GroupingTestNg@3e27ba32]" started-at="2024-09-20T22:44:04 IST" name="idly" finished-at="2024-09-20T22:44:04 IST" duration-ms="3" status="PASS">
          <reporter-output>
          </reporter-output>
        </test-method> <!-- idly -->
        <test-method signature="mutton()[pri:0, instance:com.practiceSelenium.GroupingTestNg@3e27ba32]" started-at="2024-09-20T22:44:04 IST" name="mutton" finished-at="2024-09-20T22:44:04 IST" duration-ms="1" status="PASS">
          <reporter-output>
          </reporter-output>
        </test-method> <!-- mutton -->
        <test-method signature="rice()[pri:0, instance:com.practiceSelenium.GroupingTestNg@3e27ba32]" started-at="2024-09-20T22:44:04 IST" name="rice" finished-at="2024-09-20T22:44:04 IST" duration-ms="1" status="PASS">
          <reporter-output>
          </reporter-output>
        </test-method> <!-- rice -->
      </class> <!-- com.practiceSelenium.GroupingTestNg -->
    </test> <!-- Test -->
  </suite> <!-- Suite -->
</testng-results>
